[debug] [2018-03-20T19:48:51.885Z] ----------------------------------------------------------------------
[debug] [2018-03-20T19:48:51.887Z] Command:       /usr/local/bin/node /usr/local/bin/firebase serve
[debug] [2018-03-20T19:48:51.888Z] CLI Version:   3.17.4
[debug] [2018-03-20T19:48:51.888Z] Platform:      darwin
[debug] [2018-03-20T19:48:51.888Z] Node Version:  v8.9.4
[debug] [2018-03-20T19:48:51.889Z] Time:          Tue Mar 20 2018 12:48:51 GMT-0700 (PDT)
[debug] [2018-03-20T19:48:51.889Z] ----------------------------------------------------------------------
[debug] 
[debug] [2018-03-20T19:48:51.901Z] > command requires scopes: ["email","openid","https://www.googleapis.com/auth/cloudplatformprojects.readonly","https://www.googleapis.com/auth/firebase","https://www.googleapis.com/auth/cloud-platform"]
[debug] [2018-03-20T19:48:51.902Z] > authorizing via signed-in user
[debug] [2018-03-20T19:48:51.904Z] >>> HTTP REQUEST GET https://admin.firebase.com/v1/projects/html-project-eea70  
  
 Tue Mar 20 2018 12:48:51 GMT-0700 (PDT)
[debug] [2018-03-20T19:48:52.394Z] <<< HTTP RESPONSE 200
[debug] [2018-03-20T19:48:52.395Z] >>> HTTP REQUEST GET https://admin.firebase.com/v1/database/html-project-eea70/tokens  
  
 Tue Mar 20 2018 12:48:52 GMT-0700 (PDT)
[debug] [2018-03-20T19:48:52.775Z] <<< HTTP RESPONSE 200
[info] 
[info] === Serving from '/Users/hollyholden/Documents/GitHub/HTML_ATCS/HTMLProject'...
[info] 
[debug] [2018-03-20T19:48:52.778Z] >>> HTTP REQUEST GET https://cloudresourcemanager.googleapis.com/v1/projects/html-project-eea70  
  
 Tue Mar 20 2018 12:48:52 GMT-0700 (PDT)
[debug] [2018-03-20T19:48:53.285Z] <<< HTTP RESPONSE 200
[debug] [2018-03-20T19:48:53.286Z] >>> HTTP REQUEST GET https://mobilesdk-pa.googleapis.com/v1/projects/905894445202/clients/_:getWebAppConfig  
  
 Tue Mar 20 2018 12:48:53 GMT-0700 (PDT)
[debug] [2018-03-20T19:48:54.513Z] <<< HTTP RESPONSE 200
[info] i  hosting: Serving hosting files from: public
[info] ✔  hosting: Local server: http://localhost:5000

